# JRE version: Java(TM) SE Runtime Environment (8.0_144-b01) (build 1.8.0_144-b01)
# Java VM: Java HotSpot(TM) 64-Bit Server VM (25.144-b01 mixed mode windows-amd64 compressed oops)
Heap:
 PSYoungGen      total 57344K, used 12590K [0x0000000780980000, 0x0000000787980000, 0x00000007c0000000)
  eden space 49152K, 8% used [0x0000000780980000,0x0000000780dcffd8,0x0000000783980000)
  from space 8192K, 99% used [0x0000000783980000,0x000000078417b8d8,0x0000000784180000)
  to   space 8192K, 0% used [0x0000000787180000,0x0000000787180000,0x0000000787980000)
 ParOldGen       total 131072K, used 2829K [0x0000000701c00000, 0x0000000709c00000, 0x0000000780980000)
  object space 131072K, 2% used [0x0000000701c00000,0x0000000701ec3710,0x0000000709c00000)
 Metaspace       used 20233K, capacity 20966K, committed 21120K, reserved 1067008K
  class space    used 2726K, capacity 2914K, committed 2944K, reserved 1048576K
GC Heap History (6 events):
Event: 7.701 GC heap before
{Heap before GC invocations=1 (full 0):
 PSYoungGen      total 57344K, used 49152K [0x0000000780980000, 0x0000000784980000, 0x00000007c0000000)
  eden space 49152K, 100% used [0x0000000780980000,0x0000000783980000,0x0000000783980000)
  from space 8192K, 0% used [0x0000000784180000,0x0000000784180000,0x0000000784980000)
  to   space 8192K, 0% used [0x0000000783980000,0x0000000783980000,0x0000000784180000)
 ParOldGen       total 131072K, used 0K [0x0000000701c00000, 0x0000000709c00000, 0x0000000780980000)
  object space 131072K, 0% used [0x0000000701c00000,0x0000000701c00000,0x0000000709c00000)
 Metaspace       used 10927K, capacity 11330K, committed 11520K, reserved 1058816K
  class space    used 1351K, capacity 1476K, committed 1536K, reserved 1048576K
Event: 7.724 GC heap after
Heap after GC invocations=1 (full 0):
 PSYoungGen      total 57344K, used 7383K [0x0000000780980000, 0x0000000784980000, 0x00000007c0000000)
  eden space 49152K, 0% used [0x0000000780980000,0x0000000780980000,0x0000000783980000)
  from space 8192K, 90% used [0x0000000783980000,0x00000007840b5d88,0x0000000784180000)
  to   space 8192K, 0% used [0x0000000784180000,0x0000000784180000,0x0000000784980000)
 ParOldGen       total 131072K, used 16K [0x0000000701c00000, 0x0000000709c00000, 0x0000000780980000)
  object space 131072K, 0% used [0x0000000701c00000,0x0000000701c04000,0x0000000709c00000)
 Metaspace       used 10927K, capacity 11330K, committed 11520K, reserved 1058816K
  class space    used 1351K, capacity 1476K, committed 1536K, reserved 1048576K
}
Event: 8.846 GC heap before
{Heap before GC invocations=2 (full 0):
 PSYoungGen      total 57344K, used 56535K [0x0000000780980000, 0x0000000784980000, 0x00000007c0000000)
  eden space 49152K, 100% used [0x0000000780980000,0x0000000783980000,0x0000000783980000)
  from space 8192K, 90% used [0x0000000783980000,0x00000007840b5d88,0x0000000784180000)
  to   space 8192K, 0% used [0x0000000784180000,0x0000000784180000,0x0000000784980000)
 ParOldGen       total 131072K, used 16K [0x0000000701c00000, 0x0000000709c00000, 0x0000000780980000)
  object space 131072K, 0% used [0x0000000701c00000,0x0000000701c04000,0x0000000709c00000)
 Metaspace       used 15739K, capacity 16364K, committed 16384K, reserved 1062912K
  class space    used 2124K, capacity 2295K, committed 2304K, reserved 1048576K
Event: 8.865 GC heap after
Heap after GC invocations=2 (full 0):
 PSYoungGen      total 57344K, used 7569K [0x0000000780980000, 0x0000000784980000, 0x00000007c0000000)
  eden space 49152K, 0% used [0x0000000780980000,0x0000000780980000,0x0000000783980000)
  from space 8192K, 92% used [0x0000000784180000,0x00000007848e4630,0x0000000784980000)
  to   space 8192K, 0% used [0x0000000783980000,0x0000000783980000,0x0000000784180000)
 ParOldGen       total 131072K, used 24K [0x0000000701c00000, 0x0000000709c00000, 0x0000000780980000)
  object space 131072K, 0% used [0x0000000701c00000,0x0000000701c06000,0x0000000709c00000)
 Metaspace       used 15739K, capacity 16364K, committed 16384K, reserved 1062912K
  class space    used 2124K, capacity 2295K, committed 2304K, reserved 1048576K
}
Event: 9.750 GC heap before
{Heap before GC invocations=3 (full 0):
 PSYoungGen      total 57344K, used 56721K [0x0000000780980000, 0x0000000784980000, 0x00000007c0000000)
  eden space 49152K, 100% used [0x0000000780980000,0x0000000783980000,0x0000000783980000)
  from space 8192K, 92% used [0x0000000784180000,0x00000007848e4630,0x0000000784980000)
  to   space 8192K, 0% used [0x0000000783980000,0x0000000783980000,0x0000000784180000)
 ParOldGen       total 131072K, used 24K [0x0000000701c00000, 0x0000000709c00000, 0x0000000780980000)
  object space 131072K, 0% used [0x0000000701c00000,0x0000000701c06000,0x0000000709c00000)
 Metaspace       used 19897K, capacity 20672K, committed 20864K, reserved 1067008K
  class space    used 2690K, capacity 2881K, committed 2944K, reserved 1048576K
Event: 9.795 GC heap after
Heap after GC invocations=3 (full 0):
 PSYoungGen      total 57344K, used 8174K [0x0000000780980000, 0x0000000787980000, 0x00000007c0000000)
  eden space 49152K, 0% used [0x0000000780980000,0x0000000780980000,0x0000000783980000)
  from space 8192K, 99% used [0x0000000783980000,0x000000078417b8d8,0x0000000784180000)
  to   space 8192K, 0% used [0x0000000787180000,0x0000000787180000,0x0000000787980000)
 ParOldGen       total 131072K, used 2829K [0x0000000701c00000, 0x0000000709c00000, 0x0000000780980000)
  object space 131072K, 2% used [0x0000000701c00000,0x0000000701ec3710,0x0000000709c00000)
 Metaspace       used 19897K, capacity 20672K, committed 20864K, reserved 1067008K
  class space    used 2690K, capacity 2881K, committed 2944K, reserved 1048576K
}

