# JRE version: Java(TM) SE Runtime Environment (8.0_144-b01) (build 1.8.0_144-b01)
# Java VM: Java HotSpot(TM) 64-Bit Server VM (25.144-b01 mixed mode windows-amd64 compressed oops)
Heap:
 PSYoungGen      total 106496K, used 5221K [0x0000000780980000, 0x0000000787980000, 0x00000007c0000000)
  eden space 98304K, 5% used [0x0000000780980000,0x0000000780e99428,0x0000000786980000)
  from space 8192K, 0% used [0x0000000787180000,0x0000000787180000,0x0000000787980000)
  to   space 8192K, 0% used [0x0000000786980000,0x0000000786980000,0x0000000787180000)
 ParOldGen       total 66560K, used 8719K [0x0000000701c00000, 0x0000000705d00000, 0x0000000780980000)
  object space 66560K, 13% used [0x0000000701c00000,0x0000000702483fc0,0x0000000705d00000)
 Metaspace       used 20925K, capacity 21666K, committed 22016K, reserved 1069056K
  class space    used 2790K, capacity 2978K, committed 3072K, reserved 1048576K
GC Heap History (10 events):
Event: 6.321 GC heap before
{Heap before GC invocations=1 (full 0):
 PSYoungGen      total 57344K, used 49152K [0x0000000780980000, 0x0000000784980000, 0x00000007c0000000)
  eden space 49152K, 100% used [0x0000000780980000,0x0000000783980000,0x0000000783980000)
  from space 8192K, 0% used [0x0000000784180000,0x0000000784180000,0x0000000784980000)
  to   space 8192K, 0% used [0x0000000783980000,0x0000000783980000,0x0000000784180000)
 ParOldGen       total 131072K, used 0K [0x0000000701c00000, 0x0000000709c00000, 0x0000000780980000)
  object space 131072K, 0% used [0x0000000701c00000,0x0000000701c00000,0x0000000709c00000)
 Metaspace       used 10925K, capacity 11268K, committed 11520K, reserved 1058816K
  class space    used 1353K, capacity 1477K, committed 1536K, reserved 1048576K
Event: 6.352 GC heap after
Heap after GC invocations=1 (full 0):
 PSYoungGen      total 57344K, used 7359K [0x0000000780980000, 0x0000000784980000, 0x00000007c0000000)
  eden space 49152K, 0% used [0x0000000780980000,0x0000000780980000,0x0000000783980000)
  from space 8192K, 89% used [0x0000000783980000,0x00000007840afdc0,0x0000000784180000)
  to   space 8192K, 0% used [0x0000000784180000,0x0000000784180000,0x0000000784980000)
 ParOldGen       total 131072K, used 16K [0x0000000701c00000, 0x0000000709c00000, 0x0000000780980000)
  object space 131072K, 0% used [0x0000000701c00000,0x0000000701c04000,0x0000000709c00000)
 Metaspace       used 10925K, capacity 11268K, committed 11520K, reserved 1058816K
  class space    used 1353K, capacity 1477K, committed 1536K, reserved 1048576K
}
Event: 8.456 GC heap before
{Heap before GC invocations=2 (full 0):
 PSYoungGen      total 57344K, used 56511K [0x0000000780980000, 0x0000000784980000, 0x00000007c0000000)
  eden space 49152K, 100% used [0x0000000780980000,0x0000000783980000,0x0000000783980000)
  from space 8192K, 89% used [0x0000000783980000,0x00000007840afdc0,0x0000000784180000)
  to   space 8192K, 0% used [0x0000000784180000,0x0000000784180000,0x0000000784980000)
 ParOldGen       total 131072K, used 16K [0x0000000701c00000, 0x0000000709c00000, 0x0000000780980000)
  object space 131072K, 0% used [0x0000000701c00000,0x0000000701c04000,0x0000000709c00000)
 Metaspace       used 15741K, capacity 16308K, committed 16384K, reserved 1062912K
  class space    used 2127K, capacity 2297K, committed 2304K, reserved 1048576K
Event: 8.478 GC heap after
Heap after GC invocations=2 (full 0):
 PSYoungGen      total 57344K, used 7592K [0x0000000780980000, 0x0000000784980000, 0x00000007c0000000)
  eden space 49152K, 0% used [0x0000000780980000,0x0000000780980000,0x0000000783980000)
  from space 8192K, 92% used [0x0000000784180000,0x00000007848ea150,0x0000000784980000)
  to   space 8192K, 0% used [0x0000000783980000,0x0000000783980000,0x0000000784180000)
 ParOldGen       total 131072K, used 24K [0x0000000701c00000, 0x0000000709c00000, 0x0000000780980000)
  object space 131072K, 0% used [0x0000000701c00000,0x0000000701c06000,0x0000000709c00000)
 Metaspace       used 15741K, capacity 16308K, committed 16384K, reserved 1062912K
  class space    used 2127K, capacity 2297K, committed 2304K, reserved 1048576K
}
Event: 10.172 GC heap before
{Heap before GC invocations=3 (full 0):
 PSYoungGen      total 57344K, used 56744K [0x0000000780980000, 0x0000000784980000, 0x00000007c0000000)
  eden space 49152K, 100% used [0x0000000780980000,0x0000000783980000,0x0000000783980000)
  from space 8192K, 92% used [0x0000000784180000,0x00000007848ea150,0x0000000784980000)
  to   space 8192K, 0% used [0x0000000783980000,0x0000000783980000,0x0000000784180000)
 ParOldGen       total 131072K, used 24K [0x0000000701c00000, 0x0000000709c00000, 0x0000000780980000)
  object space 131072K, 0% used [0x0000000701c00000,0x0000000701c06000,0x0000000709c00000)
 Metaspace       used 19946K, capacity 20728K, committed 20864K, reserved 1067008K
  class space    used 2686K, capacity 2877K, committed 2944K, reserved 1048576K
Event: 10.212 GC heap after
Heap after GC invocations=3 (full 0):
 PSYoungGen      total 57344K, used 8190K [0x0000000780980000, 0x0000000787980000, 0x00000007c0000000)
  eden space 49152K, 0% used [0x0000000780980000,0x0000000780980000,0x0000000783980000)
  from space 8192K, 99% used [0x0000000783980000,0x000000078417f8c8,0x0000000784180000)
  to   space 8192K, 0% used [0x0000000787180000,0x0000000787180000,0x0000000787980000)
 ParOldGen       total 131072K, used 2964K [0x0000000701c00000, 0x0000000709c00000, 0x0000000780980000)
  object space 131072K, 2% used [0x0000000701c00000,0x0000000701ee5058,0x0000000709c00000)
 Metaspace       used 19946K, capacity 20728K, committed 20864K, reserved 1067008K
  class space    used 2686K, capacity 2877K, committed 2944K, reserved 1048576K
}
Event: 10.332 GC heap before
{Heap before GC invocations=4 (full 0):
 PSYoungGen      total 57344K, used 14683K [0x0000000780980000, 0x0000000787980000, 0x00000007c0000000)
  eden space 49152K, 13% used [0x0000000780980000,0x0000000780fd7710,0x0000000783980000)
  from space 8192K, 99% used [0x0000000783980000,0x000000078417f8c8,0x0000000784180000)
  to   space 8192K, 0% used [0x0000000787180000,0x0000000787180000,0x0000000787980000)
 ParOldGen       total 131072K, used 2964K [0x0000000701c00000, 0x0000000709c00000, 0x0000000780980000)
  object space 131072K, 2% used [0x0000000701c00000,0x0000000701ee5058,0x0000000709c00000)
 Metaspace       used 20521K, capacity 21226K, committed 21296K, reserved 1067008K
  class space    used 2750K, capacity 2916K, committed 2944K, reserved 1048576K
Event: 10.496 GC heap after
Heap after GC invocations=4 (full 0):
 PSYoungGen      total 106496K, used 8170K [0x0000000780980000, 0x0000000787980000, 0x00000007c0000000)
  eden space 98304K, 0% used [0x0000000780980000,0x0000000780980000,0x0000000786980000)
  from space 8192K, 99% used [0x0000000787180000,0x000000078797aae8,0x0000000787980000)
  to   space 8192K, 0% used [0x0000000786980000,0x0000000786980000,0x0000000787180000)
 ParOldGen       total 131072K, used 3597K [0x0000000701c00000, 0x0000000709c00000, 0x0000000780980000)
  object space 131072K, 2% used [0x0000000701c00000,0x0000000701f837f8,0x0000000709c00000)
 Metaspace       used 20521K, capacity 21226K, committed 21296K, reserved 1067008K
  class space    used 2750K, capacity 2916K, committed 2944K, reserved 1048576K
}
Event: 10.496 GC heap before
{Heap before GC invocations=5 (full 1):
 PSYoungGen      total 106496K, used 8170K [0x0000000780980000, 0x0000000787980000, 0x00000007c0000000)
  eden space 98304K, 0% used [0x0000000780980000,0x0000000780980000,0x0000000786980000)
  from space 8192K, 99% used [0x0000000787180000,0x000000078797aae8,0x0000000787980000)
  to   space 8192K, 0% used [0x0000000786980000,0x0000000786980000,0x0000000787180000)
 ParOldGen       total 131072K, used 3597K [0x0000000701c00000, 0x0000000709c00000, 0x0000000780980000)
  object space 131072K, 2% used [0x0000000701c00000,0x0000000701f837f8,0x0000000709c00000)
 Metaspace       used 20521K, capacity 21226K, committed 21296K, reserved 1067008K
  class space    used 2750K, capacity 2916K, committed 2944K, reserved 1048576K
Event: 10.707 GC heap after
Heap after GC invocations=5 (full 1):
 PSYoungGen      total 106496K, used 0K [0x0000000780980000, 0x0000000787980000, 0x00000007c0000000)
  eden space 98304K, 0% used [0x0000000780980000,0x0000000780980000,0x0000000786980000)
  from space 8192K, 0% used [0x0000000787180000,0x0000000787180000,0x0000000787980000)
  to   space 8192K, 0% used [0x0000000786980000,0x0000000786980000,0x0000000787180000)
 ParOldGen       total 66560K, used 8719K [0x0000000701c00000, 0x0000000705d00000, 0x0000000780980000)
  object space 66560K, 13% used [0x0000000701c00000,0x0000000702483fc0,0x0000000705d00000)
 Metaspace       used 20518K, capacity 21218K, committed 21296K, reserved 1067008K
  class space    used 2749K, capacity 2914K, committed 2944K, reserved 1048576K
}

